Post ID: 3919
Title: Data Talks &amp; Conferences Recommended by Automatticians
Original Category: Data at Automattic -> New Category: Data Engineering
Original Tags: Data careers, Data Science, distributed work, remote work -> New Tags: Career and Professional Development, Data Science, Learning and Education, Tech Industry, Conferences and Events
--------------------------------------------------
Post ID: 3862
Title: What your neurodivergent colleagues wish you knew
Original Category: Interview -> New Category: Distributed Work
Original Tags: community, distributed work, remote work -> New Tags: Work-Life Balance, Diversity and Inclusion, Remote Work, Productivity, Communication
--------------------------------------------------
Post ID: 3856
Title: From Support to Data Science and Analytics: My Journey at Automattic
Original Category: Data at Automattic -> New Category: Data Science
Original Tags: data analytics, Data careers, Data Engineering, Data Science, distributed work, tech -> New Tags: Data Analytics, Career and Professional Development, Data Science, Data Engineering, Remote Work, Tech Industry
--------------------------------------------------
Post ID: 3841
Title: Hack Project: Creating a tool to translate customer feedback into product insights
Original Category: Data at Automattic -> New Category: Data Science
Original Tags: artificial intelligence, Data Science, Data Visualization, distributed work, meetup -> New Tags: Artificial Intelligence, Data Analytics, Data Science, Data Visualization, Machine Learning
--------------------------------------------------
Post ID: 3804
Title: Hack Project: Tackling FOMO on the P2 Land
Original Category: Data at Automattic -> New Category: Distributed Work
Original Tags: communication, distributed work, machine learning, productivity, recommendation, remote work -> New Tags: Artificial Intelligence, Data Science, Productivity, Machine Learning, Communication
--------------------------------------------------
Post ID: 3731
Title: Optimizing Connections at Meetups
Original Category: Data at Automattic -> New Category: Distributed Work
Original Tags: distributed work, meetup, optimization problem, social science -> New Tags: Automattic, Productivity, Remote Work, Meetup
--------------------------------------------------
Post ID: 3709
Title: Synchronizing Data with Apache Superset: Our Internal Solution
Original Category: Data at Automattic -> New Category: Data Engineering
Original Tags: Data Discoverability, tooling -> New Tags: Automation, Data Discoverability, Data Analytics, Open Source, Data Visualization
--------------------------------------------------
Post ID: 3649
Title: The New Face of Jetpack Stats
Original Category: Data Visualization -> New Category: Data Visualization
Original Tags: Data Visualization, distributed work, remote work -> New Tags: Automattic, Data Analytics, Data Visualization, WordPress
--------------------------------------------------
Post ID: 3613
Title: Quest for Efficient AI: An Evaluation of the Vector Database Landscape
Original Category: Data at Automattic -> New Category: Search and Information Retrieval
Original Tags: artificial intelligence, Automattic, Semantic Search -> New Tags: Information Retrieval, Artificial Intelligence, Elasticsearch, Data Engineering, Automattic, Machine Learning, Semantic Search
--------------------------------------------------
Post ID: 3580
Title: Visualizing Diversity at Automattic
Original Category: Data Visualization -> New Category: Data Visualization
Original Tags: diversity -> New Tags: WordPress, Distributed Work, Remote Work, Automattic, Tech Industry
--------------------------------------------------
Post ID: 3530
Title: Tips for a healthy work-life balance for people starting at a remote company
Original Category: work life balance -> New Category: Distributed Work
Original Tags: distributed work, remote work, Work-Life Balance -> New Tags: Work-Life Balance, Career and Professional Development, Remote Work, Productivity, Communication
--------------------------------------------------
Post ID: 3520
Title: How to Organize a Data Book Club at Work
Original Category: Reading -> New Category: Data Science
Original Tags: Book Club, books, distributed work, learning, Reading -> New Tags: Data Analytics, Books and Reading, Career and Professional Development, Distributed Work, Learning and Education
--------------------------------------------------
Post ID: 3506
Title: Women of Datamattic | Menaka Sankaralingam
Original Category: Data at Automattic -> New Category: Automatticians
Original Tags: Data careers, distributed work, work life balance -> New Tags: Work-Life Balance, Diversity and Inclusion, Distributed Work, Remote Work, Data Engineering
--------------------------------------------------
Post ID: 3494
Title: Women of Datamattic: Madison Swain-Bowden
Original Category: Data at Automattic -> New Category: Data Engineering
Original Tags: Data careers, work life balance -> New Tags: Open Source, Diversity and Inclusion, Distributed Work, Remote Work
--------------------------------------------------
Post ID: 3464
Title: Women of Datamattic: Anna Elek
Original Category: Data at Automattic -> New Category: Automatticians
Original Tags: Data careers, work life balance -> New Tags: Career and Professional Development, Data Science, Diversity and Inclusion, Data Engineering, Remote Work
--------------------------------------------------
Post ID: 3454
Title: The Data Docs: A WordPress based Data Discoverability Tool
Original Category: Data at Automattic -> New Category: Data Engineering
Original Tags: API, Data Discoverability, P2, tooling, WordPress -> New Tags: Automation, Data Discoverability, Data Analytics, WordPress, API, Open Source
--------------------------------------------------
Post ID: 3427
Title: Stocking Stuffers for the Data Team
Original Category: Data at Automattic -> New Category: Distributed Work
Original Tags: books, distributed work, remote work -> New Tags: Work-Life Balance, Remote Work, Automattic, Productivity, Tech Industry
--------------------------------------------------
Post ID: 3406
Title: Automattic’s First Data+ Meetup
Original Category: Data at Automattic -> New Category: Distributed Work
Original Tags: distributed work, meetup, remote work -> New Tags: Automattic, Productivity, Remote Work, Communication
--------------------------------------------------
Post ID: 3370
Title: How to Save Time with Alfred, Stream Deck, and Apple Shortcuts
Original Category: Data at Automattic -> New Category: Automatticians
Original Tags: automation, distributed work, productivity, remote work -> New Tags: Automation, Work-Life Balance, Software Engineering, Remote Work, Productivity
--------------------------------------------------
Post ID: 3342
Title: How to profit from an Analytics Skill Matrix
Original Category: Data at Automattic -> New Category: Data Science
Original Tags: data analytics, Data careers, Data Science, data scientist, distributed work -> New Tags: Data Analytics, Career and Professional Development, Data Science, Tech Industry, Communication
--------------------------------------------------
Post ID: 3227
Title: Challenge Hiring Assumptions with Data
Original Category: Data at Automattic -> New Category: Experimentation and A/B Testing
Original Tags:  -> New Tags: A/B Testing, Experimentation, Data Analytics, Data Science, Tech Industry
--------------------------------------------------
Post ID: 3209
Title: Advance your Career with Automattic Rotations
Original Category: Interview -> New Category: Distributed Work
Original Tags:  -> New Tags: Career and Professional Development, Data Science, Remote Work, Automattic, Machine Learning
--------------------------------------------------
Post ID: 3197
Title: Join us at Tumblr!
Original Category: Data at Automattic -> New Category: Automatticians
Original Tags: analytics, distributed work, elasticsearch, machine learning, remote work -> New Tags: Career and Professional Development, Data Science, Distributed Work, Machine Learning, Tech Industry
--------------------------------------------------
Post ID: 3178
Title: ExPlat’s Development Principles and Practices
Original Category: Experimentation Platform -> New Category: Experimentation and A/B Testing
Original Tags: a/b testing, Automattic, coding conventions, software engineering, software testing -> New Tags: Best Practices, Distributed Work, Data Engineering, Automattic, Software Engineering
--------------------------------------------------
Post ID: 3132
Title: Architecting ExPlat: Automattic’s New Experimentation Platform
Original Category: Data at Automattic -> New Category: Experimentation and A/B Testing
Original Tags: ab testing, Data Science, experimentation, software architecture, software engineering -> New Tags: A/B Testing, Experimentation, Data Science, Data Engineering, Automattic, Software Engineering
--------------------------------------------------
Post ID: 3117
Title: ExPlat: Automattic’s Experimentation Platform
Original Category: Data at Automattic -> New Category: Experimentation and A/B Testing
Original Tags:  -> New Tags: A/B Testing, Experimentation, Data Analytics, Data Science, Open Source
--------------------------------------------------
Post ID: 3099
Title: Being globally distributed: a constant reminder to have an open mind and more
Original Category: Data at Automattic -> New Category: Distributed Work
Original Tags: distributed work, remote work, tech -> New Tags: Diversity and Inclusion, Remote Work, Automattic, Productivity, Communication
--------------------------------------------------
Post ID: 3092
Title: SQL — a Common Language for the Whole Data Team
Original Category: Data at Automattic -> New Category: Data Engineering
Original Tags:  -> New Tags: Data Science, Data Analytics, Machine Learning, Best Practices
--------------------------------------------------
Post ID: 3077
Title: &#8220;I found a lot of new and exciting ways to break WordPress.com&#8221;: Highlights of our time at Automattic
Original Category: Data at Automattic -> New Category: Distributed Work
Original Tags: analytics, distributed work, elasticsearch, machine learning, marketing, marketing science, remote work, tech -> New Tags: WordPress, Data Science, Remote Work, Automattic, Machine Learning
--------------------------------------------------
Post ID: 3047
Title: One Pandemic, Four Countries and Six Different Stories
Original Category: Data at Automattic -> New Category: Distributed Work
Original Tags: covid-19, digital minimalism, distributed work, remote work, tech, work life balance -> New Tags: Work-Life Balance, Remote Work, Automattic, Productivity, Communication
--------------------------------------------------
Post ID: 3028
Title: Teaching Python to Beginners
Original Category: Data at Automattic -> New Category: Data Science
Original Tags: Data Science, Python -> New Tags: Best Practices, Data Science, Remote Work, Learning and Education, Python
--------------------------------------------------
Post ID: 2980
Title: Five Paths to Automattic
Original Category: Data at Automattic -> New Category: Automatticians
Original Tags: data analytics, Data careers, Data Engineering, Data Science, distributed work, tech -> New Tags: Career and Professional Development, Data Science, Distributed Work, Remote Work, Data Engineering
--------------------------------------------------
Post ID: 2959
Title: Boris Gorelik on the biggest missed opportunity in data visualization
Original Category: Data Science -> New Category: Data Visualization
Original Tags: Boris Gorelik, effective communication, scientific communication -> New Tags: Data Speaker Series, Productivity, Scientific Communication, Communication
--------------------------------------------------
Post ID: 2949
Title: How to Avoid Statistical Bootstrapping Pitfalls
Original Category: Data Science -> New Category: Data Science
Original Tags: analytics, Data Science, statistics -> New Tags: Scientific Communication, Best Practices, Experimentation, Data Science, Machine Learning
--------------------------------------------------
Post ID: 2928
Title: Gender and Racial Bias in Cloud NLP Sentiment APIs
Original Category: Data Science -> New Category: Machine Learning and AI
Original Tags: Amazon, bias, gender bias, Google, natural language processing, racial bias -> New Tags: Artificial Intelligence, Data Science, Natural Language Processing, Data Ethics, Bias in AI
--------------------------------------------------
Post ID: 2903
Title: Christo Wilson Discusses the Ethics of Online Behavioral Experiments
Original Category: Data Science -> New Category: Experimentation and A/B Testing
Original Tags: Christo Wilson, data ethics, ethics, Online Behavioral Experiments -> New Tags: Transparency in Data, A/B Testing, Best Practices, Experimentation, Data Ethics
--------------------------------------------------
Post ID: 2859
Title: Using ML for Campaign Optimization: Our Journey to Marketing Science at Automattic
Original Category: Data Science -> New Category: Machine Learning and AI
Original Tags: campaign optimisation, Data Science, marketing science, pipe, uplift modelling -> New Tags: A/B Testing, Marketing Analytics, Experimentation, Data Science, Machine Learning
--------------------------------------------------
Post ID: 2846
Title: Data Science Insights from Cameron Davidson-Pilon
Original Category: Data Science -> New Category: Data Science
Original Tags: best practices, causal inference, Data Science -> New Tags: Causal Inference, Artificial Intelligence, Career and Professional Development, Data Science, Machine Learning
--------------------------------------------------
Post ID: 2833
Title: This Week in Data Reading: Project Estimation, Abandoning Significance, and Video Games.
Original Category: Reading -> New Category: Data Science
Original Tags: artificial intelligence, statistics -> New Tags: Scientific Communication, Experimentation, Machine Learning, Artificial Intelligence
--------------------------------------------------
Post ID: 2820
Title: Looker NYC Meetup
Original Category: Data Visualization -> New Category: Data Engineering
Original Tags:  -> New Tags: Data Science, Data Analytics, Tech Industry, Meetup
--------------------------------------------------
Post ID: 2809
Title: This Week in Data Reading: Experimentation, Tech and the Humanities, and Eliminating Bias in Testing
Original Category: Reading -> New Category: Experimentation and A/B Testing
Original Tags: experimentation, Pinterest, technology, testing bias, the humanities -> New Tags: Artificial Intelligence, Data Science, Diversity and Inclusion, Machine Learning, Tech Industry
--------------------------------------------------
Post ID: 2791
Title: The 2019 Fairness, Accountability, and Transparency Conference
Original Category: Data Science -> New Category: Machine Learning and AI
Original Tags: accountability, artificial intelligence, conference, fairness, justice, transparency -> New Tags: Transparency in Data, Artificial Intelligence, Data Ethics, Conferences and Events, Bias in AI
--------------------------------------------------
Post ID: 2780
Title: This Week In Data Reading: MOOCs, Collusion in Artificial Intelligence, and Fake News
Original Category: Reading -> New Category: Machine Learning and AI
Original Tags: artificial intelligence, collusion, fake news, MOOCs -> New Tags: Artificial Intelligence, Learning and Education, Data Science, Machine Learning, Tech Industry
--------------------------------------------------
Post ID: 2749
Title: How to Increase Retention and Revenue in 1,000 Nontrivial Steps
Original Category: Data Science -> New Category: Data Science
Original Tags: Data Science, marketing, pipe, retention, survival analysis -> New Tags: Best Practices, Machine Learning, Marketing Analytics, Data Science
--------------------------------------------------
Post ID: 2713
Title: Building Thousands of Reproducible ML Models with pipe, the Automattic Machine Learning Pipeline
Original Category: Data Engineering -> New Category: Data Science
Original Tags: machine learning, pipe -> New Tags: Artificial Intelligence, Automation, Best Practices, Data Engineering, Machine Learning
--------------------------------------------------
Post ID: 2690
Title: Missed Opportunities for Using Text in Data Visualization
Original Category: Data Visualization -> New Category: Data Visualization
Original Tags: Data Visualization, Richard Brath -> New Tags: Data Science, Data Visualization, Data Speaker Series, Scientific Communication, Communication
--------------------------------------------------
Post ID: 2693
Title: Links Worth Sharing: What Makes People Successful
Original Category: Reading -> New Category: Network Science
Original Tags: Albert-László Barabási -> New Tags: Books and Reading, Career and Professional Development, Data Science, Network Analysis, Scientific Communication
--------------------------------------------------
Post ID: 2677
Title: Introducing pipe, The Automattic Machine Learning Pipeline
Original Category: Data Science -> New Category: Machine Learning and AI
Original Tags: machine learning, marketing, models, pipe -> New Tags: A/B Testing, Marketing Analytics, Data Science, Data Engineering, Machine Learning
--------------------------------------------------
Post ID: 2667
Title: Links Worth Sharing: The Training and Security of Neural Networks
Original Category: Data Science -> New Category: Machine Learning and AI
Original Tags: neural networks, security -> New Tags: Artificial Intelligence, Machine Learning, Deep Learning, Conferences and Events, Technology Trends
--------------------------------------------------
Post ID: 2637
Title: The Most Beautiful Social Network: the Structure of Communication at Automattic
Original Category: Data Science -> New Category: Network Science
Original Tags: Data Science, hr analytics, Network Science, remote work, science of work -> New Tags: Data Science, Network Analysis, Remote Work, Data Visualization, Communication
--------------------------------------------------
Post ID: 2654
Title: Conference Recap: EuroSciPy 2018
Original Category: Data Visualization -> New Category: Data Science
Original Tags: conference, Data Visualization, euroscipy, open source, Python -> New Tags: Machine Learning, Data Visualization, Conferences and Events, Python
--------------------------------------------------
Post ID: 2615
Title: We&#8217;re Reading About Bandit Algorithms, Binary Classification Problems, and Artificial Intelligence
Original Category: Data Science -> New Category: Machine Learning and AI
Original Tags: algorithms, artificial intelligence, binary classification -> New Tags: Artificial Intelligence, Books and Reading, Data Science, Data Visualization, Machine Learning
--------------------------------------------------
Post ID: 2597
Title: Investigating Seasonality in a Time Series: A Mystery in Three Parts
Original Category: Data Science -> New Category: Data Science
Original Tags: analysis, seasonality, time series -> New Tags: Time Series Analysis, Scientific Communication, Data Visualization, Python
--------------------------------------------------
Post ID: 2585
Title: Reflections From Spark + AI Summit 2018
Original Category: Data Science -> New Category: Data Engineering
Original Tags: heatmaps, Java, neural networks, Python, Spark, Strava -> New Tags: Artificial Intelligence, Data Science, Machine Learning, Conferences and Events, Python
--------------------------------------------------
Post ID: 2563
Title: We&#8217;re Reading About AI, Data Visualization, Deep Learning, and More
Original Category: Reading -> New Category: Data Science
Original Tags: artificial intelligence, Data Visualization, databases, Deep Learning, LTSM, machine learning, neural networks -> New Tags: Artificial Intelligence, Machine Learning, Books and Reading, Data Visualization, Deep Learning
--------------------------------------------------
Post ID: 2538
Title: This Week We&#8217;re Reading the 2018 Stack Overflow Survey
Original Category: Data Science -> New Category: Data Science
Original Tags: bias, gender, surveys, this week in data reading, working conditions -> New Tags: Surveys and Research Methods, Career and Professional Development, Diversity and Inclusion, Data Ethics, Tech Industry
--------------------------------------------------
Post ID: 2514
Title: Engineering Data Science at Automattic
Original Category: Data Science -> New Category: Data Science
Original Tags: best practices, CircleCI, code reviews, Conda, continuous integration, Data Science, Git, Python, software engineering -> New Tags: Best Practices, Career and Professional Development, Data Science, Automattic, Software Engineering, Python
--------------------------------------------------
Post ID: 2493
Title: Data Speaker Series: Kevin Ferguson on AlphaGo Zero
Original Category: Speaker Series -> New Category: Machine Learning and AI
Original Tags: artificial intelligence, Go, Kevin Ferguson, machine learning -> New Tags: Artificial Intelligence, Machine Learning, Data Science, Data Speaker Series, Deep Learning
--------------------------------------------------
Post ID: 2483
Title: This Week We&#8217;re Reading About Artificial Intelligence and Machine Learning
Original Category: Reading -> New Category: Machine Learning and AI
Original Tags: artificial intelligence, machine learning, particle physics -> New Tags: Artificial Intelligence, Data Science, Data Ethics, Machine Learning, Bias in AI
--------------------------------------------------
Post ID: 2394
Title: Analysis of A Beautiful Storm: Internal Communication at Automattic
Original Category: Data Science -> New Category: Network Science
Original Tags: analysis, communication, interaction, remote work, science, science of work, work -> New Tags: Distributed Work, Network Analysis, Data Visualization, Automattic, Communication
--------------------------------------------------
Post ID: 2366
Title: To a Poem is a Bott the Stranger
Original Category: Data Science -> New Category: Machine Learning and AI
Original Tags: bot, experiments, neural networks, poetry -> New Tags: Artificial Intelligence, WordPress, Data Science, Machine Learning, Python
--------------------------------------------------
Post ID: 2372
Title: Do New Year&#8217;s Resolutions Work? Data Suggests They Do!
Original Category: Data Science -> New Category: Data Science
Original Tags: analysis, blogging, data, New Year's resolutions, science -> New Tags: A/B Testing, Experimentation, Data Analytics, WordPress, Data Visualization
--------------------------------------------------
Post ID: 2351
Title: We&#8217;re Reading About Artificially Intelligent Harry Potter Fan Fiction, Verifying Online Identities, and More
Original Category: Data Science -> New Category: Machine Learning and AI
Original Tags: artificial intelligence, chess, fan fiction, Harry Potter, math, net neutrality, replicability crisis, social psychology -> New Tags: Artificial Intelligence, Books and Reading, Data Science, Machine Learning, Tech Industry
--------------------------------------------------
Post ID: 2332
Title: Doing the Math on Key Words and Top Level Domains
Original Category: Data Science -> New Category: Data Science
Original Tags: analysis, Latex, Top Level Domains -> New Tags: Machine Learning, Data Visualization, Data Analytics, WordPress
--------------------------------------------------
Post ID: 2320
Title: We&#8217;re Reading About Simplifying Without Distortion and Adversarial Image Classification
Original Category: Data Science -> New Category: Machine Learning and AI
Original Tags: Adversarial Image Classification, Ben Orlin, Desmond Morris -> New Tags: Artificial Intelligence, Machine Learning, Learning and Education, Data Science, Scientific Communication
--------------------------------------------------
Post ID: 2254
Title: Data Speaker Series: Shaun Lindsay on the Data Science of Marketing
Original Category: Data Science -> New Category: Data Science
Original Tags: data scientist, guest speaker, Honor, marketing, Shaun Lindsay, statistics -> New Tags: Data Speaker Series, Experimentation, Machine Learning, Marketing Analytics
--------------------------------------------------
Post ID: 2222
Title: We&#8217;re Reading About Bias in AI, SpaceX, and More
Original Category: Data Science -> New Category: Machine Learning and AI
Original Tags: algorithms, artificial intelligence, Facebook, imposter syndrome, p-values, SpaceX, Spotify, WaveNet -> New Tags: Artificial Intelligence, Data Science, Data Ethics, Machine Learning, Bias in AI
--------------------------------------------------
Post ID: 2163
Title: Data Speaker Series: Charles Earl on Discriminatory Artificial Intelligence
Original Category: Data Science -> New Category: Machine Learning and AI
Original Tags: artificial intelligence, machine learning -> New Tags: Artificial Intelligence, Diversity and Inclusion, Data Ethics, Machine Learning, Bias in AI
--------------------------------------------------
Post ID: 1971
Title: Easier A/B Tests with Automattic’s Own Tool, Hypotheses
Original Category: Data Science -> New Category: Experimentation and A/B Testing
Original Tags: ab-testing, analysis, hypotheses-tests, statistics -> New Tags: A/B Testing, Experimentation, Data Analytics, Data Science, Automattic
--------------------------------------------------
Post ID: 1957
Title: This Week in Data Reading (and Watching!)
Original Category: Data Science -> New Category: Machine Learning and AI
Original Tags: algorithms, big data, Google Brain, machine-made music, Magenta, morality in data -> New Tags: Artificial Intelligence, Books and Reading, Data Science, Data Ethics, Machine Learning
--------------------------------------------------
Post ID: 1890
Title: Data Speaker Series: Thorsten Dietzsch on Building Data Products at Zalando
Original Category: Data Science -> New Category: Data Science
Original Tags: data products, product management, Thorsten Dietzsch, Zalando -> New Tags: Tech Industry, A/B Testing, Machine Learning, Data Products
--------------------------------------------------
Post ID: 1701
Title: How Communication Density Fuels Automattic
Original Category: Data Science -> New Category: Distributed Work
Original Tags: Data Science, hr analytics, Network Science -> New Tags: Data Analytics, Data Science, Network Analysis, Remote Work, Automattic, Communication
--------------------------------------------------
Post ID: 1693
Title: This Week in Data Reading
Original Category: Reading -> New Category: Data Science
Original Tags: artificial intelligence, data ethics, descriptive data analysis, ethics, machine learning, Turing Institute -> New Tags: Data Ethics, Machine Learning, Artificial Intelligence, Data Analytics
--------------------------------------------------
Post ID: 1578
Title: Real-Time Elasticsearch Indexing on WordPress.com
Original Category: Data Engineering -> New Category: Data Engineering
Original Tags: databases, elasticsearch, indexing, MySQL, WordPress.com -> New Tags: Automation, Information Retrieval, Elasticsearch, WordPress
--------------------------------------------------
Post ID: 1486
Title: data.coalesce() &#8212; Automattic Data Division Meets in Montréal
Original Category: Data Science -> New Category: Distributed Work
Original Tags: data, Data Science, learning, meetup, science, scientists -> New Tags: WordPress, Data Science, Remote Work, Data Engineering, Automattic
--------------------------------------------------
Post ID: 1386
Title: Time Series Analysis: When “Good Enough” is Good Enough
Original Category: Data Science -> New Category: Data Science
Original Tags: anomaly, Data Science, Data Visualization, timeseries -> New Tags: Data Analytics, Data Science, Time Series Analysis, Data Visualization, Automattic, Machine Learning
--------------------------------------------------
Post ID: 1391
Title: This Week in Data Reading
Original Category: Data Science -> New Category: Data Science
Original Tags: algorithm, analytics, machine learning, MySQL, pop lyrics -> New Tags: Tech Industry, Machine Learning, Data Visualization, Career and Professional Development
--------------------------------------------------
Post ID: 1251
Title: May the Bot Be With You: How Algorithms are Supporting Happiness at WordPress.com
Original Category: Data Engineering -> New Category: Machine Learning and AI
Original Tags: algorithms, bots, Happiness Engineering, machine learning, natural language processing, support -> New Tags: Automation, Artificial Intelligence, Data Science, Natural Language Processing, Machine Learning
--------------------------------------------------
Post ID: 1236
Title: This Week in Data Reading (and Watching!)
Original Category: Data Science -> New Category: Machine Learning and AI
Original Tags: artificial intelligence, demographic targeting, Facebook, learning algorithms, Siraj Raval, YouTube -> New Tags: Data Science, Data Ethics, Machine Learning, Artificial Intelligence
--------------------------------------------------
Post ID: 1229
Title: This Week in Data Reading
Original Category: Data Science -> New Category: Data Visualization
Original Tags: charts, Data Visualization, graphs, tables -> New Tags: Data Science, Scientific Communication, Data Visualization, Communication
--------------------------------------------------
Post ID: 1173
Title: Welcoming New Colleagues — a Data-Based Story
Original Category: Data Science -> New Category: Distributed Work
Original Tags: Automattic, bonding, community analysis, distributed work, human relationships, Network Science, social science, teamwork -> New Tags: Network Analysis, Remote Work, Data Visualization, Automattic, Communication
--------------------------------------------------
Post ID: 1156
Title: This Week in Data Reading
Original Category: Data Science -> New Category: Data Science
Original Tags: digital anthropology, Donald Trump, natural language processing, Reddit -> New Tags: Machine Learning, Artificial Intelligence, Data Analytics, Natural Language Processing
--------------------------------------------------
Post ID: 934
Title: Improving Relevance and Elasticsearch Query Patterns
Original Category: Search -> New Category: Search and Information Retrieval
Original Tags: elasticsearch, plugin repository, WordPress.org -> New Tags: Information Retrieval, Best Practices, WordPress, Elasticsearch, Open Source
--------------------------------------------------
Post ID: 916
Title: This Week in Data Reading
Original Category: Data Visualization -> New Category: Data Visualization
Original Tags: algorithm, code, deep learning architecture, functional programming languages, hand-drawn graphics, Hans Rosling, W.E.B Du Boise -> New Tags: Data Science, Machine Learning, Artificial Intelligence, Learning and Education
--------------------------------------------------
Post ID: 883
Title: How&#8217;s Your New Year&#8217;s Resolution Going?
Original Category: Data Science -> New Category: Data Science
Original Tags: data, elasticsearch, New Year's resolutions -> New Tags: Data Analytics, Elasticsearch, Data Visualization, Natural Language Processing, Python
--------------------------------------------------
Post ID: 863
Title: This Week in Data Reading
Original Category: Data Science -> New Category: Data Science
Original Tags: critical review, gender bias, graph theory, machine learning models, natural language processing, network analysis, open source, racial bias, telemetry, word embeddings -> New Tags: Scientific Communication, Machine Learning, Artificial Intelligence, Bias in AI
--------------------------------------------------
Post ID: 755
Title: Intro to Search: Measurement
Original Category: Search -> New Category: Search and Information Retrieval
Original Tags: Data Science, information retrieval, search engines, WordPress -> New Tags: Information Retrieval, Experimentation, WordPress, Data Science, Elasticsearch, Machine Learning
--------------------------------------------------
Post ID: 712
Title: This Week in Data Reading
Original Category: Reading -> New Category: Data Science
Original Tags: artificial intelligence, data exploration, Data Science, machine learning, natural language processing, Reading, social media -> New Tags: Artificial Intelligence, Data Analytics, Data Science, Data Visualization, Machine Learning
--------------------------------------------------
Post ID: 581
Title: A Brand Image Analysis of WordPress and Automattic on Twitter
Original Category: Data Science -> New Category: Network Science
Original Tags: influencer marketing, Network Science, social media, twitter -> New Tags: Marketing Analytics, WordPress, Network Analysis, Data Visualization, Social Media Analytics
--------------------------------------------------
Post ID: 560
Title: Bulk Log Analytics With Hive
Original Category: Data Engineering -> New Category: Data Engineering
Original Tags: Hadoop, Hive -> New Tags: Automattic, Data Analytics, Open Source, WordPress
--------------------------------------------------
Post ID: 445
Title: Evolution of a Plot: Better Data Visualization, One Step at a Time
Original Category: Data Science -> New Category: Data Visualization
Original Tags: Data Visualization, plot -> New Tags: Best Practices, Data Science, Data Visualization, Scientific Communication, Python
--------------------------------------------------
Post ID: 189
Title: Network Science at Automattic: Mapping the Communities of WP.com &#8212; Methodology
Original Category: Network Science -> New Category: Network Science
Original Tags: community analysis, Data Science, Network Science -> New Tags: WordPress, Data Science, Network Analysis, Data Engineering, Data Visualization
--------------------------------------------------
Post ID: 349
Title: Intro to Search: Anatomy of a search engine
Original Category: Search -> New Category: Search and Information Retrieval
Original Tags: big data, Data Science, information retrieval, search engines -> New Tags: Information Retrieval, WordPress, Data Science, Elasticsearch, Machine Learning
--------------------------------------------------
Post ID: 115
Title: Network Science at Automattic: Mapping the Communities of WP.com
Original Category: Network Science -> New Category: Network Science
Original Tags: community analysis, Data Science, Network Science, topic modeling -> New Tags: Data Analytics, WordPress, Data Science, Network Analysis, Data Visualization
--------------------------------------------------
Post ID: 26
Title: Intro to Search: Initial Considerations
Original Category: Search -> New Category: Search and Information Retrieval
Original Tags: big data, data analysis, Data Science, information retrieval -> New Tags: Data Science, Information Retrieval, Elasticsearch, WordPress
--------------------------------------------------
Post ID: 170
Title: State of WordPress.com Elasticsearch Systems 2016
Original Category: Data Engineering -> New Category: Search and Information Retrieval
Original Tags: Data Engineering, elasticsearch -> New Tags: Elasticsearch, Data Engineering, Data Visualization, WordPress
--------------------------------------------------
Post ID: 235
Title: Data for nothing and bytes for free
Original Category: Data Science -> New Category: Data Science
Original Tags: Data Science, feature engineering, missing data -> New Tags: Marketing Analytics, Experimentation, Data Analytics, WordPress, Data Science
--------------------------------------------------
